[debug] [2021-04-13T13:55:03.403Z] ----------------------------------------------------------------------
[debug] [2021-04-13T13:55:03.406Z] Command:       C:\Program Files\nodejs\node.exe C:\Users\hp\AppData\Roaming\npm\node_modules\firebase-tools\lib\bin\firebase.js init functions
[debug] [2021-04-13T13:55:03.406Z] CLI Version:   9.9.0
[debug] [2021-04-13T13:55:03.407Z] Platform:      win32
[debug] [2021-04-13T13:55:03.407Z] Node Version:  v14.15.0
[debug] [2021-04-13T13:55:03.408Z] Time:          Tue Apr 13 2021 19:25:03 GMT+0530 (India Standard Time)
[debug] [2021-04-13T13:55:03.408Z] ----------------------------------------------------------------------
[debug] 
[debug] [2021-04-13T13:55:03.416Z] > command requires scopes: ["email","openid","https://www.googleapis.com/auth/cloudplatformprojects.readonly","https://www.googleapis.com/auth/firebase","https://www.googleapis.com/auth/cloud-platform"]
[debug] [2021-04-13T13:55:03.416Z] > authorizing via signed-in user (rajatbhatt500@gmail.com)
[info] 
     ######## #### ########  ######## ########     ###     ######  ########
     ##        ##  ##     ## ##       ##     ##  ##   ##  ##       ##
     ######    ##  ########  ######   ########  #########  ######  ######
     ##        ##  ##    ##  ##       ##     ## ##     ##       ## ##
     ##       #### ##     ## ######## ########  ##     ##  ######  ########

You're about to initialize a Firebase project in this directory:

  E:\react projects\firebase-chat-app

[info] 
=== Project Setup
[info] 
[info] First, let's associate this project directory with a Firebase project.
[info] You can create multiple project aliases by running firebase use --add, 
[info] but for now we'll just set up a default project.
[info] 
[debug] [2021-04-13T13:55:29.901Z] >>> [apiv2][query] GET https://firebase.googleapis.com/v1beta1/availableProjects pageSize=100
[debug] [2021-04-13T13:55:31.317Z] <<< [apiv2][status] GET https://firebase.googleapis.com/v1beta1/availableProjects 200
[debug] [2021-04-13T13:55:31.318Z] <<< [apiv2][body] GET https://firebase.googleapis.com/v1beta1/availableProjects [omitted]
[debug] [2021-04-13T13:56:25.800Z] ----------------------------------------------------------------------
[debug] [2021-04-13T13:56:25.805Z] Command:       C:\Program Files\nodejs\node.exe C:\Users\hp\AppData\Roaming\npm\node_modules\firebase-tools\lib\bin\firebase.js init functions
[debug] [2021-04-13T13:56:25.806Z] CLI Version:   9.9.0
[debug] [2021-04-13T13:56:25.806Z] Platform:      win32
[debug] [2021-04-13T13:56:25.806Z] Node Version:  v14.15.0
[debug] [2021-04-13T13:56:25.808Z] Time:          Tue Apr 13 2021 19:26:25 GMT+0530 (India Standard Time)
[debug] [2021-04-13T13:56:25.808Z] ----------------------------------------------------------------------
[debug] 
[debug] [2021-04-13T13:56:25.819Z] > command requires scopes: ["email","openid","https://www.googleapis.com/auth/cloudplatformprojects.readonly","https://www.googleapis.com/auth/firebase","https://www.googleapis.com/auth/cloud-platform"]
[debug] [2021-04-13T13:56:25.820Z] > authorizing via signed-in user (rajatbhatt500@gmail.com)
[info] 
     ######## #### ########  ######## ########     ###     ######  ########
     ##        ##  ##     ## ##       ##     ##  ##   ##  ##       ##
     ######    ##  ########  ######   ########  #########  ######  ######
     ##        ##  ##    ##  ##       ##     ## ##     ##       ## ##
     ##       #### ##     ## ######## ########  ##     ##  ######  ########

You're about to initialize a Firebase project in this directory:

  E:\react projects\firebase-chat-app

[info] 
=== Project Setup
[info] 
[info] First, let's associate this project directory with a Firebase project.
[info] You can create multiple project aliases by running firebase use --add, 
[info] but for now we'll just set up a default project.
[info] 
[info] i  If you want to create a project in a Google Cloud organization or folder, please use "firebase projects:create" instead, and return to this command when you've created the project. 
